<?xml version="1.0" encoding="UTF-8"?>
<!-- Generated by org.testng.reporters.JUnitXMLReporter -->
<testsuite ignored="0" hostname="BDC8-LX-6LNPFW2" failures="0" tests="3" name="Default test" time="3.695" errors="0" timestamp="2021-01-31T14:51:03 IST">
  <testcase classname="sample.DynamicJson" name="addBook" time="3.281"/>
  <testcase classname="sample.DynamicJson" name="addBook" time="0.172"/>
  <testcase classname="sample.DynamicJson" name="addBook" time="0.201"/>
</testsuite> <!-- Default test -->
