<?xml version="1.0" encoding="UTF-8"?>
<testng-results ignored="0" total="3" passed="3" failed="0" skipped="0">
  <reporter-output>
  </reporter-output>
  <suite started-at="2021-01-31T14:51:00 IST" name="Default suite" finished-at="2021-01-31T14:51:03 IST" duration-ms="3695">
    <groups>
    </groups>
    <test started-at="2021-01-31T14:51:00 IST" name="Default test" finished-at="2021-01-31T14:51:03 IST" duration-ms="3695">
      <class name="sample.DynamicJson">
        <test-method signature="addBook(java.lang.String, java.lang.String)[pri:0, instance:sample.DynamicJson@cd3fee8]" started-at="2021-01-31T14:51:00 IST" name="addBook" data-provider="BookData" finished-at="2021-01-31T14:51:03 IST" duration-ms="3281" status="PASS">
          <params>
            <param index="0">
              <value>
                <![CDATA[hmmm]]>
              </value>
            </param>
            <param index="1">
              <value>
                <![CDATA[111]]>
              </value>
            </param>
          </params>
          <reporter-output>
          </reporter-output>
        </test-method> <!-- addBook -->
        <test-method signature="addBook(java.lang.String, java.lang.String)[pri:0, instance:sample.DynamicJson@cd3fee8]" started-at="2021-01-31T14:51:03 IST" name="addBook" data-provider="BookData" finished-at="2021-01-31T14:51:03 IST" duration-ms="172" status="PASS">
          <params>
            <param index="0">
              <value>
                <![CDATA[hmmm]]>
              </value>
            </param>
            <param index="1">
              <value>
                <![CDATA[222]]>
              </value>
            </param>
          </params>
          <reporter-output>
          </reporter-output>
        </test-method> <!-- addBook -->
        <test-method signature="addBook(java.lang.String, java.lang.String)[pri:0, instance:sample.DynamicJson@cd3fee8]" started-at="2021-01-31T14:51:03 IST" name="addBook" data-provider="BookData" finished-at="2021-01-31T14:51:03 IST" duration-ms="201" status="PASS">
          <params>
            <param index="0">
              <value>
                <![CDATA[hmmm]]>
              </value>
            </param>
            <param index="1">
              <value>
                <![CDATA[333]]>
              </value>
            </param>
          </params>
          <reporter-output>
          </reporter-output>
        </test-method> <!-- addBook -->
      </class> <!-- sample.DynamicJson -->
    </test> <!-- Default test -->
  </suite> <!-- Default suite -->
</testng-results>
